Assembler report for DE10_Standard_FB
Tue Sep 03 13:41:44 2019
Quartus Prime Version 17.0.0 Build 595 04/25/2017 SJ Standard Edition


---------------------
; Table of Contents ;
---------------------
  1. Legal Notice
  2. Assembler Summary
  3. Assembler Settings
  4. Assembler Encrypted IP Cores Summary
  5. Assembler Generated Files
  6. Assembler Device Options: C:/Users/Estudiante/Desktop/ControlPanelQT/Quartus/output_files/DE10_Standard_FB.sof
  7. Assembler Messages



----------------
; Legal Notice ;
----------------
Copyright (C) 2017  Intel Corporation. All rights reserved.
Your use of Intel Corporation's design tools, logic functions 
and other software and tools, and its AMPP partner logic 
functions, and any output files from any of the foregoing 
(including device programming or simulation files), and any 
associated documentation or information are expressly subject 
to the terms and conditions of the Intel Program License 
Subscription Agreement, the Intel Quartus Prime License Agreement,
the Intel MegaCore Function License Agreement, or other 
applicable license agreement, including, without limitation, 
that your use is for the sole purpose of programming logic 
devices manufactured by Intel and sold by Intel or its 
authorized distributors.  Please refer to the applicable 
agreement for further details.



+---------------------------------------------------------------+
; Assembler Summary                                             ;
+-----------------------+---------------------------------------+
; Assembler Status      ; Successful - Tue Sep 03 13:41:44 2019 ;
; Revision Name         ; DE10_Standard_FB                      ;
; Top-level Entity Name ; DE10_Standard_FB                      ;
; Family                ; Cyclone V                             ;
; Device                ; 5CSXFC6D6F31C6                        ;
+-----------------------+---------------------------------------+


+----------------------------------+
; Assembler Settings               ;
+--------+---------+---------------+
; Option ; Setting ; Default Value ;
+--------+---------+---------------+


+------------------------------------------------+
; Assembler Encrypted IP Cores Summary           ;
+--------+------------------------+--------------+
; Vendor ; IP Core Name           ; License Type ;
+--------+------------------------+--------------+
; Altera ; Signal Tap (6AF7 BCE1) ; Licensed     ;
; Altera ; Signal Tap (6AF7 BCEC) ; Licensed     ;
+--------+------------------------+--------------+


+--------------------------------------------------------------------------------------+
; Assembler Generated Files                                                            ;
+--------------------------------------------------------------------------------------+
; File Name                                                                            ;
+--------------------------------------------------------------------------------------+
; C:/Users/Estudiante/Desktop/ControlPanelQT/Quartus/output_files/DE10_Standard_FB.sof ;
+--------------------------------------------------------------------------------------+


+----------------------------------------------------------------------------------------------------------------+
; Assembler Device Options: C:/Users/Estudiante/Desktop/ControlPanelQT/Quartus/output_files/DE10_Standard_FB.sof ;
+----------------+-----------------------------------------------------------------------------------------------+
; Option         ; Setting                                                                                       ;
+----------------+-----------------------------------------------------------------------------------------------+
; JTAG usercode  ; 0x07D39EF2                                                                                    ;
; Checksum       ; 0x07D39EF2                                                                                    ;
+----------------+-----------------------------------------------------------------------------------------------+


+--------------------+
; Assembler Messages ;
+--------------------+
Info: *******************************************************************
Info: Running Quartus Prime Assembler
    Info: Version 17.0.0 Build 595 04/25/2017 SJ Standard Edition
    Info: Processing started: Tue Sep 03 13:41:28 2019
Info: Command: quartus_asm --read_settings_files=off --write_settings_files=off DE10_Standard_FB -c DE10_Standard_FB
Warning (18236): Number of processors has not been specified which may cause overloading on shared machines.  Set the global assignment NUM_PARALLEL_PROCESSORS in your QSF to an appropriate value for best performance.
Info (115030): Assembler is generating device programming files
Info (11878): Hard Processor Subsystem configuration has not changed and a Preloader software update is not required
Info: Quartus Prime Assembler was successful. 0 errors, 1 warning
    Info: Peak virtual memory: 4978 megabytes
    Info: Processing ended: Tue Sep 03 13:41:44 2019
    Info: Elapsed time: 00:00:16
    Info: Total CPU time (on all processors): 00:00:16


