Flow report for DE10_Standard_FB
Tue Sep 03 13:42:34 2019
Quartus Prime Version 17.0.0 Build 595 04/25/2017 SJ Standard Edition


---------------------
; Table of Contents ;
---------------------
  1. Legal Notice
  2. Flow Summary
  3. Flow Settings
  4. Flow Non-Default Global Settings
  5. Flow Elapsed Time
  6. Flow OS Summary
  7. Flow Log
  8. Flow Messages
  9. Flow Suppressed Messages



----------------
; Legal Notice ;
----------------
Copyright (C) 2017  Intel Corporation. All rights reserved.
Your use of Intel Corporation's design tools, logic functions 
and other software and tools, and its AMPP partner logic 
functions, and any output files from any of the foregoing 
(including device programming or simulation files), and any 
associated documentation or information are expressly subject 
to the terms and conditions of the Intel Program License 
Subscription Agreement, the Intel Quartus Prime License Agreement,
the Intel MegaCore Function License Agreement, or other 
applicable license agreement, including, without limitation, 
that your use is for the sole purpose of programming logic 
devices manufactured by Intel and sold by Intel or its 
authorized distributors.  Please refer to the applicable 
agreement for further details.



+-----------------------------------------------------------------------------------+
; Flow Summary                                                                      ;
+---------------------------------+-------------------------------------------------+
; Flow Status                     ; Successful - Tue Sep 03 13:41:44 2019           ;
; Quartus Prime Version           ; 17.0.0 Build 595 04/25/2017 SJ Standard Edition ;
; Revision Name                   ; DE10_Standard_FB                                ;
; Top-level Entity Name           ; DE10_Standard_FB                                ;
; Family                          ; Cyclone V                                       ;
; Device                          ; 5CSXFC6D6F31C6                                  ;
; Timing Models                   ; Final                                           ;
; Logic utilization (in ALMs)     ; 2,234 / 41,910 ( 5 % )                          ;
; Total registers                 ; 3729                                            ;
; Total pins                      ; 338 / 499 ( 68 % )                              ;
; Total virtual pins              ; 0                                               ;
; Total block memory bits         ; 2,880,256 / 5,662,720 ( 51 % )                  ;
; Total DSP Blocks                ; 0 / 112 ( 0 % )                                 ;
; Total HSSI RX PCSs              ; 0 / 9 ( 0 % )                                   ;
; Total HSSI PMA RX Deserializers ; 0 / 9 ( 0 % )                                   ;
; Total HSSI TX PCSs              ; 0 / 9 ( 0 % )                                   ;
; Total HSSI PMA TX Serializers   ; 0 / 9 ( 0 % )                                   ;
; Total PLLs                      ; 1 / 15 ( 7 % )                                  ;
; Total DLLs                      ; 1 / 4 ( 25 % )                                  ;
+---------------------------------+-------------------------------------------------+


+-----------------------------------------+
; Flow Settings                           ;
+-------------------+---------------------+
; Option            ; Setting             ;
+-------------------+---------------------+
; Start date & time ; 09/03/2019 13:35:10 ;
; Main task         ; Compilation         ;
; Revision Name     ; DE10_Standard_FB    ;
+-------------------+---------------------+


+---------------------------------------------------------------------------------------------------------------------------+
; Flow Non-Default Global Settings                                                                                          ;
+---------------------------------------+----------------------------------------+---------------+-------------+------------+
; Assignment Name                       ; Value                                  ; Default Value ; Entity Name ; Section Id ;
+---------------------------------------+----------------------------------------+---------------+-------------+------------+
; COMPILER_SIGNATURE_ID                 ; 264510340727272.156753570708196        ; --            ; --          ; --         ;
; ECO_REGENERATE_REPORT                 ; On                                     ; Off           ; --          ; --         ;
; FITTER_EFFORT                         ; Standard Fit                           ; Auto Fit      ; --          ; --         ;
; MAX_CORE_JUNCTION_TEMP                ; 85                                     ; --            ; --          ; --         ;
; MIN_CORE_JUNCTION_TEMP                ; 0                                      ; --            ; --          ; --         ;
; MISC_FILE                             ; ip/audio_pll/audio_pll.cmp             ; --            ; --          ; --         ;
; MISC_FILE                             ; ip/vga_pll/vga_pll.cmp                 ; --            ; --          ; --         ;
; MISC_FILE                             ; ip/altsource_probe/hps_reset_bb.v      ; --            ; --          ; --         ;
; MUX_RESTRUCTURE                       ; Off                                    ; Auto          ; --          ; --         ;
; OPTIMIZATION_MODE                     ; Aggressive Performance                 ; Balanced      ; --          ; --         ;
; OPTIMIZATION_TECHNIQUE                ; Speed                                  ; Balanced      ; --          ; --         ;
; PARTITION_COLOR                       ; -- (Not supported for targeted family) ; --            ; --          ; Top        ;
; PARTITION_FITTER_PRESERVATION_LEVEL   ; -- (Not supported for targeted family) ; --            ; --          ; Top        ;
; PARTITION_NETLIST_TYPE                ; -- (Not supported for targeted family) ; --            ; --          ; Top        ;
; PHYSICAL_SYNTHESIS_COMBO_LOGIC        ; On                                     ; Off           ; --          ; --         ;
; PHYSICAL_SYNTHESIS_REGISTER_RETIMING  ; On                                     ; Off           ; --          ; --         ;
; PLACEMENT_EFFORT_MULTIPLIER           ; 4.0                                    ; 1.0           ; --          ; --         ;
; POWER_BOARD_THERMAL_MODEL             ; None (CONSERVATIVE)                    ; --            ; --          ; --         ;
; POWER_PRESET_COOLING_SOLUTION         ; 23 MM HEAT SINK WITH 200 LFPM AIRFLOW  ; --            ; --          ; --         ;
; PROJECT_OUTPUT_DIRECTORY              ; output_files                           ; --            ; --          ; --         ;
; ROUTER_TIMING_OPTIMIZATION_LEVEL      ; MAXIMUM                                ; Normal        ; --          ; --         ;
; SEARCH_PATH                           ; software/NIOS_APP/mem_init/            ; --            ; --          ; --         ;
; SYNTHESIS_ONLY_QIP                    ; On                                     ; --            ; --          ; --         ;
; SYNTHESIS_ONLY_QIP                    ; On                                     ; --            ; --          ; --         ;
; USE_DLL_FREQUENCY_FOR_DQS_DELAY_CHAIN ; On                                     ; Off           ; --          ; --         ;
+---------------------------------------+----------------------------------------+---------------+-------------+------------+


+-------------------------------------------------------------------------------------------------------------------------------+
; Flow Elapsed Time                                                                                                             ;
+---------------------------+--------------+-------------------------+---------------------+------------------------------------+
; Module Name               ; Elapsed Time ; Average Processors Used ; Peak Virtual Memory ; Total CPU Time (on all processors) ;
+---------------------------+--------------+-------------------------+---------------------+------------------------------------+
; Analysis & Synthesis      ; 00:02:25     ; 1.0                     ; 5313 MB             ; 00:04:05                           ;
; Fitter                    ; 00:03:42     ; 1.2                     ; 7577 MB             ; 00:07:53                           ;
; Assembler                 ; 00:00:16     ; 1.0                     ; 4978 MB             ; 00:00:15                           ;
; TimeQuest Timing Analyzer ; 00:00:49     ; 1.5                     ; 5781 MB             ; 00:01:10                           ;
; Total                     ; 00:07:12     ; --                      ; --                  ; 00:13:23                           ;
+---------------------------+--------------+-------------------------+---------------------+------------------------------------+


+-----------------------------------------------------------------------------------------+
; Flow OS Summary                                                                         ;
+---------------------------+------------------+------------+------------+----------------+
; Module Name               ; Machine Hostname ; OS Name    ; OS Version ; Processor type ;
+---------------------------+------------------+------------+------------+----------------+
; Analysis & Synthesis      ; GGIECDIGWRK145   ; Windows 10 ; 10.0       ; x86_64         ;
; Fitter                    ; GGIECDIGWRK145   ; Windows 10 ; 10.0       ; x86_64         ;
; Assembler                 ; GGIECDIGWRK145   ; Windows 10 ; 10.0       ; x86_64         ;
; TimeQuest Timing Analyzer ; GGIECDIGWRK145   ; Windows 10 ; 10.0       ; x86_64         ;
+---------------------------+------------------+------------+------------+----------------+


------------
; Flow Log ;
------------
quartus_map --read_settings_files=on --write_settings_files=off DE10_Standard_FB -c DE10_Standard_FB
quartus_fit --read_settings_files=off --write_settings_files=off DE10_Standard_FB -c DE10_Standard_FB
quartus_asm --read_settings_files=off --write_settings_files=off DE10_Standard_FB -c DE10_Standard_FB
quartus_sta DE10_Standard_FB -c DE10_Standard_FB



