Info: Starting: Create block symbol file (.bsf)
Info: qsys-generate C:\Users\Estudiante\Desktop\ControlPanelQT\Quartus\soc_system.qsys --block-symbol-file --output-directory=C:\Users\Estudiante\Desktop\ControlPanelQT\Quartus\soc_system --family="Cyclone V" --part=5CSXFC6D6F31C6
Progress: Loading Quartus/soc_system.qsys
Progress: Reading input file
Progress: Adding ILC [interrupt_latency_counter 17.0]
Progress: Parameterizing module ILC
Progress: Adding clk_50 [clock_source 17.0]
Progress: Parameterizing module clk_50
Progress: Adding contador_0 [contador 1.0]
Progress: Parameterizing module contador_0
Progress: Adding divisor_0 [divisor 1.0]
Progress: Parameterizing module divisor_0
Progress: Adding hps_0 [altera_hps 17.0]
Progress: Parameterizing module hps_0
Progress: Adding jtag_uart [altera_avalon_jtag_uart 17.0]
Progress: Parameterizing module jtag_uart
Progress: Adding key [altera_avalon_pio 17.0]
Progress: Parameterizing module key
Progress: Adding ledr [altera_avalon_pio 17.0]
Progress: Parameterizing module ledr
Progress: Adding mm_bridge_0 [altera_avalon_mm_bridge 17.0]
Progress: Parameterizing module mm_bridge_0
Progress: Adding nios2_gen2 [altera_nios2_gen2 17.0]
Progress: Parameterizing module nios2_gen2
Progress: Adding onchip_memory2 [altera_avalon_onchip_memory2 17.0]
Progress: Parameterizing module onchip_memory2
Progress: Adding pll_0 [altera_pll 17.0]
Progress: Parameterizing module pll_0
Progress: Adding spi [altera_avalon_spi 17.0]
Progress: Parameterizing module spi
Progress: Adding sw [altera_avalon_pio 17.0]
Progress: Parameterizing module sw
Progress: Adding sysid_qsys [altera_avalon_sysid_qsys 17.0]
Progress: Parameterizing module sysid_qsys
Progress: Adding timer [altera_avalon_timer 17.0]
Progress: Parameterizing module timer
Progress: Adding video_character_buffer_with_dma_0 [altera_up_avalon_video_character_buffer_with_dma 17.0]
Progress: Parameterizing module video_character_buffer_with_dma_0
Progress: Adding video_dual_clock_buffer_0 [altera_up_avalon_video_dual_clock_buffer 17.0]
Progress: Parameterizing module video_dual_clock_buffer_0
Progress: Adding video_vga_controller_0 [altera_up_avalon_video_vga_controller 17.0]
Progress: Parameterizing module video_vga_controller_0
Progress: Building connections
Progress: Parameterizing connections
Progress: Validating
Progress: Done reading input file
Info: soc_system.hps_0: HPS Main PLL counter settings: n = 0  m = 73
Info: soc_system.hps_0: HPS peripherial PLL counter settings: n = 0  m = 39
Warning: soc_system.hps_0: "Configuration/HPS-to-FPGA user 0 clock frequency" (desired_cfg_clk_mhz) requested 100.0 MHz, but only achieved 97.368421 MHz
Warning: soc_system.hps_0: "QSPI clock frequency" (desired_qspi_clk_mhz) requested 400.0 MHz, but only achieved 370.0 MHz
Warning: soc_system.hps_0: 1 or more output clock frequencies cannot be achieved precisely, consider revising desired output clock frequencies.
Info: soc_system.jtag_uart: JTAG UART IP input clock need to be at least double (2x) the operating frequency of JTAG TCK on board
Info: soc_system.key: PIO inputs are not hardwired in test bench. Undefined values will be read from PIO inputs during simulation.
Info: soc_system.pll_0: The legal reference clock frequency is 5.0 MHz..800.0 MHz
Info: soc_system.pll_0: Able to implement PLL with user settings
Info: soc_system.sw: PIO inputs are not hardwired in test bench. Undefined values will be read from PIO inputs during simulation.
Info: soc_system.sysid_qsys: System ID is not assigned automatically. Edit the System ID parameter to provide a unique ID
Info: soc_system.sysid_qsys: Time stamp will be automatically updated when this component is generated.
Info: soc_system.video_character_buffer_with_dma_0: Character Resolution: 80 x 60
Info: soc_system.video_vga_controller_0: Video Output Stream: Format: 640 x 480 with Color: 10 (bits) x 3 (planes)
Warning: soc_system.pll_0: pll_0.locked must be exported, or connected to a matching conduit.
Warning: soc_system.hps_0: hps_0.f2h_sdram0_data must be connected to an Avalon-MM master
Info: qsys-generate succeeded.
Info: Finished: Create block symbol file (.bsf)
Info: 
Info: Starting: Create HDL design files for synthesis
Info: qsys-generate C:\Users\Estudiante\Desktop\ControlPanelQT\Quartus\soc_system.qsys --synthesis=VHDL --output-directory=C:\Users\Estudiante\Desktop\ControlPanelQT\Quartus\soc_system\synthesis --family="Cyclone V" --part=5CSXFC6D6F31C6
Progress: Loading Quartus/soc_system.qsys
Progress: Reading input file
Progress: Adding ILC [interrupt_latency_counter 17.0]
Progress: Parameterizing module ILC
Progress: Adding clk_50 [clock_source 17.0]
Progress: Parameterizing module clk_50
Progress: Adding contador_0 [contador 1.0]
Progress: Parameterizing module contador_0
Progress: Adding divisor_0 [divisor 1.0]
Progress: Parameterizing module divisor_0
Progress: Adding hps_0 [altera_hps 17.0]
Progress: Parameterizing module hps_0
Progress: Adding jtag_uart [altera_avalon_jtag_uart 17.0]
Progress: Parameterizing module jtag_uart
Progress: Adding key [altera_avalon_pio 17.0]
Progress: Parameterizing module key
Progress: Adding ledr [altera_avalon_pio 17.0]
Progress: Parameterizing module ledr
Progress: Adding mm_bridge_0 [altera_avalon_mm_bridge 17.0]
Progress: Parameterizing module mm_bridge_0
Progress: Adding nios2_gen2 [altera_nios2_gen2 17.0]
Progress: Parameterizing module nios2_gen2
Progress: Adding onchip_memory2 [altera_avalon_onchip_memory2 17.0]
Progress: Parameterizing module onchip_memory2
Progress: Adding pll_0 [altera_pll 17.0]
Progress: Parameterizing module pll_0
Progress: Adding spi [altera_avalon_spi 17.0]
Progress: Parameterizing module spi
Progress: Adding sw [altera_avalon_pio 17.0]
Progress: Parameterizing module sw
Progress: Adding sysid_qsys [altera_avalon_sysid_qsys 17.0]
Progress: Parameterizing module sysid_qsys
Progress: Adding timer [altera_avalon_timer 17.0]
Progress: Parameterizing module timer
Progress: Adding video_character_buffer_with_dma_0 [altera_up_avalon_video_character_buffer_with_dma 17.0]
Progress: Parameterizing module video_character_buffer_with_dma_0
Progress: Adding video_dual_clock_buffer_0 [altera_up_avalon_video_dual_clock_buffer 17.0]
Progress: Parameterizing module video_dual_clock_buffer_0
Progress: Adding video_vga_controller_0 [altera_up_avalon_video_vga_controller 17.0]
Progress: Parameterizing module video_vga_controller_0
Progress: Building connections
Progress: Parameterizing connections
Progress: Validating
Progress: Done reading input file
Info: soc_system.hps_0: HPS Main PLL counter settings: n = 0  m = 73
Info: soc_system.hps_0: HPS peripherial PLL counter settings: n = 0  m = 39
Warning: soc_system.hps_0: "Configuration/HPS-to-FPGA user 0 clock frequency" (desired_cfg_clk_mhz) requested 100.0 MHz, but only achieved 97.368421 MHz
Warning: soc_system.hps_0: "QSPI clock frequency" (desired_qspi_clk_mhz) requested 400.0 MHz, but only achieved 370.0 MHz
Warning: soc_system.hps_0: 1 or more output clock frequencies cannot be achieved precisely, consider revising desired output clock frequencies.
Info: soc_system.jtag_uart: JTAG UART IP input clock need to be at least double (2x) the operating frequency of JTAG TCK on board
Info: soc_system.key: PIO inputs are not hardwired in test bench. Undefined values will be read from PIO inputs during simulation.
Info: soc_system.pll_0: The legal reference clock frequency is 5.0 MHz..800.0 MHz
Info: soc_system.pll_0: Able to implement PLL with user settings
Info: soc_system.sw: PIO inputs are not hardwired in test bench. Undefined values will be read from PIO inputs during simulation.
Info: soc_system.sysid_qsys: System ID is not assigned automatically. Edit the System ID parameter to provide a unique ID
Info: soc_system.sysid_qsys: Time stamp will be automatically updated when this component is generated.
Info: soc_system.video_character_buffer_with_dma_0: Character Resolution: 80 x 60
Info: soc_system.video_vga_controller_0: Video Output Stream: Format: 640 x 480 with Color: 10 (bits) x 3 (planes)
Warning: soc_system.pll_0: pll_0.locked must be exported, or connected to a matching conduit.
Warning: soc_system.hps_0: hps_0.f2h_sdram0_data must be connected to an Avalon-MM master
Info: soc_system: Generating soc_system "soc_system" for QUARTUS_SYNTH
Info: Inserting clock-crossing logic between cmd_demux.src0 and cmd_mux.sink0
Info: Inserting clock-crossing logic between cmd_demux.src1 and cmd_mux_001.sink0
Info: Inserting clock-crossing logic between cmd_demux.src9 and cmd_mux_009.sink0
Info: Inserting clock-crossing logic between rsp_demux.src0 and rsp_mux.sink0
Info: Inserting clock-crossing logic between rsp_demux_001.src0 and rsp_mux.sink1
Info: Inserting clock-crossing logic between rsp_demux_009.src0 and rsp_mux.sink9
Info: Interconnect is inserted between master hps_0.h2f_lw_axi_master and slave mm_bridge_0.s0 because the master is of type axi and the slave is of type avalon.
Warning: hps_0.f2h_irq0: Cannot connect clock for irq_mapper.sender
Warning: hps_0.f2h_irq0: Cannot connect reset for irq_mapper.sender
Warning: hps_0.f2h_irq1: Cannot connect clock for irq_mapper_001.sender
Warning: hps_0.f2h_irq1: Cannot connect reset for irq_mapper_001.sender
Info: contador_0: "soc_system" instantiated contador "contador_0"
Info: divisor_0: "soc_system" instantiated divisor "divisor_0"
Info: hps_0: "Running  for module: hps_0"
Info: hps_0: HPS Main PLL counter settings: n = 0  m = 73
Info: hps_0: HPS peripherial PLL counter settings: n = 0  m = 39
Warning: hps_0: "Configuration/HPS-to-FPGA user 0 clock frequency" (desired_cfg_clk_mhz) requested 100.0 MHz, but only achieved 97.368421 MHz
Warning: hps_0: "QSPI clock frequency" (desired_qspi_clk_mhz) requested 400.0 MHz, but only achieved 370.0 MHz
Warning: hps_0: 1 or more output clock frequencies cannot be achieved precisely, consider revising desired output clock frequencies.
Info: hps_0: "soc_system" instantiated altera_hps "hps_0"
Info: jtag_uart: Starting RTL generation for module 'soc_system_jtag_uart'
Info: jtag_uart:   Generation command is [exec C:/intelfpga/17.0/quartus/bin64/perl/bin/perl.exe -I C:/intelfpga/17.0/quartus/bin64/perl/lib -I C:/intelfpga/17.0/quartus/sopc_builder/bin/europa -I C:/intelfpga/17.0/quartus/sopc_builder/bin/perl_lib -I C:/intelfpga/17.0/quartus/sopc_builder/bin -I C:/intelfpga/17.0/quartus/../ip/altera/sopc_builder_ip/common -I C:/intelfpga/17.0/quartus/../ip/altera/sopc_builder_ip/altera_avalon_jtag_uart -- C:/intelfpga/17.0/quartus/../ip/altera/sopc_builder_ip/altera_avalon_jtag_uart/generate_rtl.pl --name=soc_system_jtag_uart --dir=C:/Users/ESTUDI~1/AppData/Local/Temp/alt8142_5305418071893229025.dir/0003_jtag_uart_gen/ --quartus_dir=C:/intelfpga/17.0/quartus --verilog --config=C:/Users/ESTUDI~1/AppData/Local/Temp/alt8142_5305418071893229025.dir/0003_jtag_uart_gen//soc_system_jtag_uart_component_configuration.pl  --do_build_sim=0  ]
Info: jtag_uart: Done RTL generation for module 'soc_system_jtag_uart'
Info: jtag_uart: "soc_system" instantiated altera_avalon_jtag_uart "jtag_uart"
Info: key: Starting RTL generation for module 'soc_system_key'
Info: key:   Generation command is [exec C:/intelfpga/17.0/quartus/bin64/perl/bin/perl.exe -I C:/intelfpga/17.0/quartus/bin64/perl/lib -I C:/intelfpga/17.0/quartus/sopc_builder/bin/europa -I C:/intelfpga/17.0/quartus/sopc_builder/bin/perl_lib -I C:/intelfpga/17.0/quartus/sopc_builder/bin -I C:/intelfpga/17.0/quartus/../ip/altera/sopc_builder_ip/common -I C:/intelfpga/17.0/quartus/../ip/altera/sopc_builder_ip/altera_avalon_pio -- C:/intelfpga/17.0/quartus/../ip/altera/sopc_builder_ip/altera_avalon_pio/generate_rtl.pl --name=soc_system_key --dir=C:/Users/ESTUDI~1/AppData/Local/Temp/alt8142_5305418071893229025.dir/0004_key_gen/ --quartus_dir=C:/intelfpga/17.0/quartus --verilog --config=C:/Users/ESTUDI~1/AppData/Local/Temp/alt8142_5305418071893229025.dir/0004_key_gen//soc_system_key_component_configuration.pl  --do_build_sim=0  ]
Info: key: Done RTL generation for module 'soc_system_key'
Info: key: "soc_system" instantiated altera_avalon_pio "key"
Info: ledr: Starting RTL generation for module 'soc_system_ledr'
Info: ledr:   Generation command is [exec C:/intelfpga/17.0/quartus/bin64/perl/bin/perl.exe -I C:/intelfpga/17.0/quartus/bin64/perl/lib -I C:/intelfpga/17.0/quartus/sopc_builder/bin/europa -I C:/intelfpga/17.0/quartus/sopc_builder/bin/perl_lib -I C:/intelfpga/17.0/quartus/sopc_builder/bin -I C:/intelfpga/17.0/quartus/../ip/altera/sopc_builder_ip/common -I C:/intelfpga/17.0/quartus/../ip/altera/sopc_builder_ip/altera_avalon_pio -- C:/intelfpga/17.0/quartus/../ip/altera/sopc_builder_ip/altera_avalon_pio/generate_rtl.pl --name=soc_system_ledr --dir=C:/Users/ESTUDI~1/AppData/Local/Temp/alt8142_5305418071893229025.dir/0005_ledr_gen/ --quartus_dir=C:/intelfpga/17.0/quartus --verilog --config=C:/Users/ESTUDI~1/AppData/Local/Temp/alt8142_5305418071893229025.dir/0005_ledr_gen//soc_system_ledr_component_configuration.pl  --do_build_sim=0  ]
Info: ledr: Done RTL generation for module 'soc_system_ledr'
Info: ledr: "soc_system" instantiated altera_avalon_pio "ledr"
Info: mm_bridge_0: "soc_system" instantiated altera_avalon_mm_bridge "mm_bridge_0"
Info: nios2_gen2: "soc_system" instantiated altera_nios2_gen2 "nios2_gen2"
Info: onchip_memory2: Starting RTL generation for module 'soc_system_onchip_memory2'
Info: onchip_memory2:   Generation command is [exec C:/intelfpga/17.0/quartus/bin64/perl/bin/perl.exe -I C:/intelfpga/17.0/quartus/bin64/perl/lib -I C:/intelfpga/17.0/quartus/sopc_builder/bin/europa -I C:/intelfpga/17.0/quartus/sopc_builder/bin/perl_lib -I C:/intelfpga/17.0/quartus/sopc_builder/bin -I C:/intelfpga/17.0/quartus/../ip/altera/sopc_builder_ip/common -I C:/intelfpga/17.0/quartus/../ip/altera/sopc_builder_ip/altera_avalon_onchip_memory2 -- C:/intelfpga/17.0/quartus/../ip/altera/sopc_builder_ip/altera_avalon_onchip_memory2/generate_rtl.pl --name=soc_system_onchip_memory2 --dir=C:/Users/ESTUDI~1/AppData/Local/Temp/alt8142_5305418071893229025.dir/0007_onchip_memory2_gen/ --quartus_dir=C:/intelfpga/17.0/quartus --verilog --config=C:/Users/ESTUDI~1/AppData/Local/Temp/alt8142_5305418071893229025.dir/0007_onchip_memory2_gen//soc_system_onchip_memory2_component_configuration.pl  --do_build_sim=0  ]
Info: onchip_memory2: Done RTL generation for module 'soc_system_onchip_memory2'
Info: onchip_memory2: "soc_system" instantiated altera_avalon_onchip_memory2 "onchip_memory2"
Info: pll_0: "soc_system" instantiated altera_pll "pll_0"
Info: spi: Starting RTL generation for module 'soc_system_spi'
Info: spi:   Generation command is [exec C:/intelfpga/17.0/quartus/bin64/perl/bin/perl.exe -I C:/intelfpga/17.0/quartus/bin64/perl/lib -I C:/intelfpga/17.0/quartus/sopc_builder/bin/europa -I C:/intelfpga/17.0/quartus/sopc_builder/bin/perl_lib -I C:/intelfpga/17.0/quartus/sopc_builder/bin -I C:/intelfpga/17.0/quartus/../ip/altera/sopc_builder_ip/common -I C:/intelfpga/17.0/quartus/../ip/altera/sopc_builder_ip/altera_avalon_spi -- C:/intelfpga/17.0/quartus/../ip/altera/sopc_builder_ip/altera_avalon_spi/generate_rtl.pl --name=soc_system_spi --dir=C:/Users/ESTUDI~1/AppData/Local/Temp/alt8142_5305418071893229025.dir/0009_spi_gen/ --quartus_dir=C:/intelfpga/17.0/quartus --verilog --config=C:/Users/ESTUDI~1/AppData/Local/Temp/alt8142_5305418071893229025.dir/0009_spi_gen//soc_system_spi_component_configuration.pl  --do_build_sim=0  ]
Info: spi: Done RTL generation for module 'soc_system_spi'
Info: spi: "soc_system" instantiated altera_avalon_spi "spi"
Info: sw: Starting RTL generation for module 'soc_system_sw'
Info: sw:   Generation command is [exec C:/intelfpga/17.0/quartus/bin64/perl/bin/perl.exe -I C:/intelfpga/17.0/quartus/bin64/perl/lib -I C:/intelfpga/17.0/quartus/sopc_builder/bin/europa -I C:/intelfpga/17.0/quartus/sopc_builder/bin/perl_lib -I C:/intelfpga/17.0/quartus/sopc_builder/bin -I C:/intelfpga/17.0/quartus/../ip/altera/sopc_builder_ip/common -I C:/intelfpga/17.0/quartus/../ip/altera/sopc_builder_ip/altera_avalon_pio -- C:/intelfpga/17.0/quartus/../ip/altera/sopc_builder_ip/altera_avalon_pio/generate_rtl.pl --name=soc_system_sw --dir=C:/Users/ESTUDI~1/AppData/Local/Temp/alt8142_5305418071893229025.dir/0010_sw_gen/ --quartus_dir=C:/intelfpga/17.0/quartus --verilog --config=C:/Users/ESTUDI~1/AppData/Local/Temp/alt8142_5305418071893229025.dir/0010_sw_gen//soc_system_sw_component_configuration.pl  --do_build_sim=0  ]
Info: sw: Done RTL generation for module 'soc_system_sw'
Info: sw: "soc_system" instantiated altera_avalon_pio "sw"
Info: sysid_qsys: "soc_system" instantiated altera_avalon_sysid_qsys "sysid_qsys"
Info: timer: Starting RTL generation for module 'soc_system_timer'
Info: timer:   Generation command is [exec C:/intelFPGA/17.0/quartus/bin64//perl/bin/perl.exe -I C:/intelFPGA/17.0/quartus/bin64//perl/lib -I C:/intelfpga/17.0/quartus/sopc_builder/bin/europa -I C:/intelfpga/17.0/quartus/sopc_builder/bin/perl_lib -I C:/intelfpga/17.0/quartus/sopc_builder/bin -I C:/intelfpga/17.0/quartus/../ip/altera/sopc_builder_ip/common -I C:/intelfpga/17.0/quartus/../ip/altera/sopc_builder_ip/altera_avalon_timer -- C:/intelfpga/17.0/quartus/../ip/altera/sopc_builder_ip/altera_avalon_timer/generate_rtl.pl --name=soc_system_timer --dir=C:/Users/ESTUDI~1/AppData/Local/Temp/alt8142_5305418071893229025.dir/0012_timer_gen/ --quartus_dir=C:/intelfpga/17.0/quartus --verilog --config=C:/Users/ESTUDI~1/AppData/Local/Temp/alt8142_5305418071893229025.dir/0012_timer_gen//soc_system_timer_component_configuration.pl  --do_build_sim=0  ]
Info: timer: Done RTL generation for module 'soc_system_timer'
Info: timer: "soc_system" instantiated altera_avalon_timer "timer"
Info: video_character_buffer_with_dma_0: Starting Generation of Character Buffer
Info: video_character_buffer_with_dma_0: "soc_system" instantiated altera_up_avalon_video_character_buffer_with_dma "video_character_buffer_with_dma_0"
Info: video_dual_clock_buffer_0: Starting Generation of the Dual Clock Buffer
Info: video_dual_clock_buffer_0: "soc_system" instantiated altera_up_avalon_video_dual_clock_buffer "video_dual_clock_buffer_0"
Info: video_vga_controller_0: Starting Generation of VGA Controller
Info: video_vga_controller_0: "soc_system" instantiated altera_up_avalon_video_vga_controller "video_vga_controller_0"
Info: avalon_st_adapter: Inserting error_adapter: error_adapter_0
Info: avalon_st_adapter_001: Inserting error_adapter: error_adapter_0
Info: avalon_st_adapter_002: Inserting error_adapter: error_adapter_0
Info: avalon_st_adapter_003: Inserting error_adapter: error_adapter_0
Info: avalon_st_adapter_004: Inserting error_adapter: error_adapter_0
Info: avalon_st_adapter_005: Inserting error_adapter: error_adapter_0
Info: avalon_st_adapter_006: Inserting error_adapter: error_adapter_0
Info: avalon_st_adapter_007: Inserting error_adapter: error_adapter_0
Info: avalon_st_adapter_008: Inserting error_adapter: error_adapter_0
Info: avalon_st_adapter_009: Inserting error_adapter: error_adapter_0
Info: avalon_st_adapter_010: Inserting error_adapter: error_adapter_0
Info: avalon_st_adapter_011: Inserting error_adapter: error_adapter_0
Info: mm_interconnect_0: "soc_system" instantiated altera_mm_interconnect "mm_interconnect_0"
Info: avalon_st_adapter: Inserting error_adapter: error_adapter_0
Info: mm_interconnect_1: "soc_system" instantiated altera_mm_interconnect "mm_interconnect_1"
Info: irq_mapper: "soc_system" instantiated altera_irq_mapper "irq_mapper"
Info: irq_mapper_001: "soc_system" instantiated altera_irq_mapper "irq_mapper_001"
Info: irq_mapper_002: "soc_system" instantiated altera_irq_mapper "irq_mapper_002"
Info: rst_controller: "soc_system" instantiated altera_reset_controller "rst_controller"
Info: fpga_interfaces: "hps_0" instantiated altera_interface_generator "fpga_interfaces"
Info: hps_io: "hps_0" instantiated altera_hps_io "hps_io"
Info: cpu: Starting RTL generation for module 'soc_system_nios2_gen2_cpu'
Info: cpu:   Generation command is [exec C:/intelFPGA/17.0/quartus/bin64//eperlcmd.exe -I C:/intelFPGA/17.0/quartus/bin64//perl/lib -I C:/intelfpga/17.0/quartus/sopc_builder/bin/europa -I C:/intelfpga/17.0/quartus/sopc_builder/bin/perl_lib -I C:/intelfpga/17.0/quartus/sopc_builder/bin -I C:/intelfpga/17.0/quartus/../ip/altera/nios2_ip/altera_nios2_gen2/cpu_lib -I C:/intelfpga/17.0/quartus/../ip/altera/nios2_ip/altera_nios2_gen2/nios_lib -I C:/intelfpga/17.0/quartus/../ip/altera/nios2_ip/altera_nios2_gen2 -I C:/intelfpga/17.0/quartus/../ip/altera/nios2_ip/altera_nios2_gen2 -- C:/intelfpga/17.0/quartus/../ip/altera/nios2_ip/altera_nios2_gen2/generate_rtl.epl --name=soc_system_nios2_gen2_cpu --dir=C:/Users/ESTUDI~1/AppData/Local/Temp/alt8142_5305418071893229025.dir/0021_cpu_gen/ --quartus_bindir=C:/intelFPGA/17.0/quartus/bin64/ --verilog --config=C:/Users/ESTUDI~1/AppData/Local/Temp/alt8142_5305418071893229025.dir/0021_cpu_gen//soc_system_nios2_gen2_cpu_processor_configuration.pl  --do_build_sim=0  ]
Info: cpu: # 2019.09.03 13:34:06 (*) Starting Nios II generation
Info: cpu: # 2019.09.03 13:34:06 (*)   Checking for plaintext license.
Info: cpu: # 2019.09.03 13:34:06 (*)   Plaintext license not found.
Info: cpu: # 2019.09.03 13:34:06 (*)   No license required to generate encrypted Nios II/e.
Info: cpu: # 2019.09.03 13:34:06 (*)   Elaborating CPU configuration settings
Info: cpu: # 2019.09.03 13:34:07 (*)   Creating all objects for CPU
Info: cpu: # 2019.09.03 13:34:08 (*)   Generating RTL from CPU objects
Info: cpu: # 2019.09.03 13:34:08 (*)   Creating plain-text RTL
Info: cpu: # 2019.09.03 13:34:09 (*) Done Nios II generation
Info: cpu: Done RTL generation for module 'soc_system_nios2_gen2_cpu'
Info: cpu: "nios2_gen2" instantiated altera_nios2_gen2_unit "cpu"
Info: nios2_gen2_data_master_translator: "mm_interconnect_0" instantiated altera_merlin_master_translator "nios2_gen2_data_master_translator"
Info: video_character_buffer_with_dma_0_avalon_char_buffer_slave_translator: "mm_interconnect_0" instantiated altera_merlin_slave_translator "video_character_buffer_with_dma_0_avalon_char_buffer_slave_translator"
Info: nios2_gen2_data_master_agent: "mm_interconnect_0" instantiated altera_merlin_master_agent "nios2_gen2_data_master_agent"
Info: video_character_buffer_with_dma_0_avalon_char_buffer_slave_agent: "mm_interconnect_0" instantiated altera_merlin_slave_agent "video_character_buffer_with_dma_0_avalon_char_buffer_slave_agent"
Info: video_character_buffer_with_dma_0_avalon_char_buffer_slave_agent_rsp_fifo: "mm_interconnect_0" instantiated altera_avalon_sc_fifo "video_character_buffer_with_dma_0_avalon_char_buffer_slave_agent_rsp_fifo"
Info: router: "mm_interconnect_0" instantiated altera_merlin_router "router"
Info: router_001: "mm_interconnect_0" instantiated altera_merlin_router "router_001"
Info: router_002: "mm_interconnect_0" instantiated altera_merlin_router "router_002"
Info: router_003: "mm_interconnect_0" instantiated altera_merlin_router "router_003"
Info: router_004: "mm_interconnect_0" instantiated altera_merlin_router "router_004"
Info: router_005: "mm_interconnect_0" instantiated altera_merlin_router "router_005"
Info: router_007: "mm_interconnect_0" instantiated altera_merlin_router "router_007"
Info: router_008: "mm_interconnect_0" instantiated altera_merlin_router "router_008"
Info: router_013: "mm_interconnect_0" instantiated altera_merlin_router "router_013"
Info: mm_bridge_0_m0_limiter: "mm_interconnect_0" instantiated altera_merlin_traffic_limiter "mm_bridge_0_m0_limiter"
Info: Reusing file C:/Users/Estudiante/Desktop/ControlPanelQT/Quartus/soc_system/synthesis/submodules/altera_avalon_sc_fifo.v
Info: video_character_buffer_with_dma_0_avalon_char_buffer_slave_burst_adapter: "mm_interconnect_0" instantiated altera_merlin_burst_adapter "video_character_buffer_with_dma_0_avalon_char_buffer_slave_burst_adapter"
Info: Reusing file C:/Users/Estudiante/Desktop/ControlPanelQT/Quartus/soc_system/synthesis/submodules/altera_avalon_st_pipeline_base.v
Info: cmd_demux: "mm_interconnect_0" instantiated altera_merlin_demultiplexer "cmd_demux"
Info: cmd_demux_001: "mm_interconnect_0" instantiated altera_merlin_demultiplexer "cmd_demux_001"
Info: cmd_demux_002: "mm_interconnect_0" instantiated altera_merlin_demultiplexer "cmd_demux_002"
Info: cmd_mux: "mm_interconnect_0" instantiated altera_merlin_multiplexer "cmd_mux"
Info: cmd_mux_002: "mm_interconnect_0" instantiated altera_merlin_multiplexer "cmd_mux_002"
Info: Reusing file C:/Users/Estudiante/Desktop/ControlPanelQT/Quartus/soc_system/synthesis/submodules/altera_merlin_arbitrator.sv
Info: cmd_mux_005: "mm_interconnect_0" instantiated altera_merlin_multiplexer "cmd_mux_005"
Info: Reusing file C:/Users/Estudiante/Desktop/ControlPanelQT/Quartus/soc_system/synthesis/submodules/altera_merlin_arbitrator.sv
Info: rsp_demux: "mm_interconnect_0" instantiated altera_merlin_demultiplexer "rsp_demux"
Info: rsp_demux_005: "mm_interconnect_0" instantiated altera_merlin_demultiplexer "rsp_demux_005"
Info: rsp_mux: "mm_interconnect_0" instantiated altera_merlin_multiplexer "rsp_mux"
Info: Reusing file C:/Users/Estudiante/Desktop/ControlPanelQT/Quartus/soc_system/synthesis/submodules/altera_merlin_arbitrator.sv
Info: rsp_mux_001: "mm_interconnect_0" instantiated altera_merlin_multiplexer "rsp_mux_001"
Info: Reusing file C:/Users/Estudiante/Desktop/ControlPanelQT/Quartus/soc_system/synthesis/submodules/altera_merlin_arbitrator.sv
Info: rsp_mux_002: "mm_interconnect_0" instantiated altera_merlin_multiplexer "rsp_mux_002"
Info: Reusing file C:/Users/Estudiante/Desktop/ControlPanelQT/Quartus/soc_system/synthesis/submodules/altera_merlin_arbitrator.sv
Info: video_character_buffer_with_dma_0_avalon_char_buffer_slave_rsp_width_adapter: "mm_interconnect_0" instantiated altera_merlin_width_adapter "video_character_buffer_with_dma_0_avalon_char_buffer_slave_rsp_width_adapter"
Info: Reusing file C:/Users/Estudiante/Desktop/ControlPanelQT/Quartus/soc_system/synthesis/submodules/altera_merlin_address_alignment.sv
Info: Reusing file C:/Users/Estudiante/Desktop/ControlPanelQT/Quartus/soc_system/synthesis/submodules/altera_merlin_burst_uncompressor.sv
Info: crosser: "mm_interconnect_0" instantiated altera_avalon_st_handshake_clock_crosser "crosser"
Info: Reusing file C:/Users/Estudiante/Desktop/ControlPanelQT/Quartus/soc_system/synthesis/submodules/altera_avalon_st_pipeline_base.v
Info: avalon_st_adapter: "mm_interconnect_0" instantiated altera_avalon_st_adapter "avalon_st_adapter"
Info: avalon_st_adapter_001: "mm_interconnect_0" instantiated altera_avalon_st_adapter "avalon_st_adapter_001"
Info: hps_0_h2f_lw_axi_master_agent: "mm_interconnect_1" instantiated altera_merlin_axi_master_ni "hps_0_h2f_lw_axi_master_agent"
Info: Reusing file C:/Users/Estudiante/Desktop/ControlPanelQT/Quartus/soc_system/synthesis/submodules/altera_merlin_address_alignment.sv
Info: router: "mm_interconnect_1" instantiated altera_merlin_router "router"
Info: router_002: "mm_interconnect_1" instantiated altera_merlin_router "router_002"
Info: cmd_demux: "mm_interconnect_1" instantiated altera_merlin_demultiplexer "cmd_demux"
Info: cmd_mux: "mm_interconnect_1" instantiated altera_merlin_multiplexer "cmd_mux"
Info: Reusing file C:/Users/Estudiante/Desktop/ControlPanelQT/Quartus/soc_system/synthesis/submodules/altera_merlin_arbitrator.sv
Info: rsp_demux: "mm_interconnect_1" instantiated altera_merlin_demultiplexer "rsp_demux"
Info: rsp_mux: "mm_interconnect_1" instantiated altera_merlin_multiplexer "rsp_mux"
Info: Reusing file C:/Users/Estudiante/Desktop/ControlPanelQT/Quartus/soc_system/synthesis/submodules/altera_merlin_arbitrator.sv
Info: border: "hps_io" instantiated altera_interface_generator "border"
Info: error_adapter_0: "avalon_st_adapter" instantiated error_adapter "error_adapter_0"
Info: error_adapter_0: "avalon_st_adapter_001" instantiated error_adapter "error_adapter_0"
Info: soc_system: Done "soc_system" with 68 modules, 145 files
Info: qsys-generate succeeded.
Info: Finished: Create HDL design files for synthesis
